2020-08-29 11:35:47 [scrapy.utils.log] INFO: Scrapy 2.3.0 started (bot: hyperscraper)
2020-08-29 11:35:47 [scrapy.utils.log] INFO: Versions: lxml 4.5.0.0, libxml2 2.9.5, cssselect 1.1.0, parsel 1.5.2, w3lib 1.21.0, Twisted 20.3.0, Python 3.7.5 (tags/v3.7.5:5c02a39a0b, Oct 15 2019, 00:11:34) [MSC v.1916 64 bit (AMD64)], pyOpenSSL 19.1.0 (OpenSSL 1.1.1g  21 Apr 2020), cryptography 2.9.2, Platform Windows-10-10.0.18362-SP0
2020-08-29 11:35:47 [scrapy.utils.log] DEBUG: Using reactor: twisted.internet.selectreactor.SelectReactor
2020-08-29 11:35:47 [scrapy.crawler] INFO: Overridden settings:
{'BOT_NAME': 'hyperscraper',
 'CONCURRENT_REQUESTS': 7,
 'LOG_FILE': 'logs\\default\\yts_django\\ab988198e9bd11ea9210e8d0fc9c616c.log',
 'NEWSPIDER_MODULE': 'hyperscraper.spiders',
 'SPIDER_MODULES': ['hyperscraper.spiders']}
2020-08-29 11:35:47 [scrapy.extensions.telnet] INFO: Telnet Password: 5104f25521151b02
2020-08-29 11:35:47 [scrapy.middleware] INFO: Enabled extensions:
['scrapy.extensions.corestats.CoreStats',
 'scrapy.extensions.telnet.TelnetConsole',
 'scrapy.extensions.logstats.LogStats']
2020-08-29 11:35:48 [scrapy_user_agents.user_agent_picker] WARNING: [UnsupportedBrowserType] Family: Android
2020-08-29 11:35:48 [scrapy_user_agents.user_agent_picker] WARNING: [UnsupportedDeviceType] Family: Other, Brand: None, Model: None
2020-08-29 11:35:48 [scrapy_user_agents.user_agent_picker] WARNING: [UnsupportedDeviceType] Family: Other, Brand: None, Model: None
2020-08-29 11:35:48 [scrapy_user_agents.user_agent_picker] WARNING: [UnsupportedDeviceType] Family: Other, Brand: None, Model: None
2020-08-29 11:35:49 [scrapy_user_agents.user_agent_picker] WARNING: [UnsupportedDeviceType] Family: Sony BDV13, Brand: Sony, Model: BDV13
2020-08-29 11:35:49 [scrapy_user_agents.user_agent_picker] WARNING: [UnsupportedDeviceType] Family: Nintendo DSi, Brand: Nintendo, Model: DSi
2020-08-29 11:35:49 [scrapy_user_agents.user_agent_picker] WARNING: [UnsupportedDeviceType] Family: Other, Brand: None, Model: None
2020-08-29 11:35:49 [scrapy_user_agents.user_agent_picker] WARNING: [UnsupportedBrowserType] Family: Other
2020-08-29 11:35:49 [scrapy_user_agents.user_agent_picker] WARNING: [UnsupportedDeviceType] Family: LYF F90M, Brand: LYF, Model: F90M
2020-08-29 11:35:49 [scrapy_user_agents.user_agent_picker] WARNING: [UnsupportedDeviceType] Family: Sony BDV14, Brand: Sony, Model: BDV14
2020-08-29 11:35:49 [scrapy_user_agents.user_agent_picker] WARNING: [UnsupportedDeviceType] Family: LG Web0S SmartTV, Brand: LG, Model: Web0S SmartTV
2020-08-29 11:35:49 [scrapy_user_agents.user_agent_picker] WARNING: [UnsupportedDeviceType] Family: Other, Brand: None, Model: None
2020-08-29 11:35:49 [scrapy_user_agents.user_agent_picker] WARNING: [UnsupportedDeviceType] Family: Other, Brand: None, Model: None
2020-08-29 11:35:49 [scrapy_user_agents.user_agent_picker] WARNING: [UnsupportedDeviceType] Family: Other, Brand: None, Model: None
2020-08-29 11:35:49 [scrapy_user_agents.user_agent_picker] WARNING: [UnsupportedDeviceType] Family: Other, Brand: None, Model: None
2020-08-29 11:35:50 [scrapy_user_agents.user_agent_picker] WARNING: [UnsupportedDeviceType] Family: Other, Brand: None, Model: None
2020-08-29 11:35:50 [scrapy_user_agents.user_agent_picker] WARNING: [UnsupportedDeviceType] Family: Other, Brand: None, Model: None
2020-08-29 11:35:50 [scrapy_user_agents.user_agent_picker] WARNING: [UnsupportedDeviceType] Family: Other, Brand: None, Model: None
2020-08-29 11:35:50 [scrapy_user_agents.user_agent_picker] WARNING: [UnsupportedDeviceType] Family: Sony BDV11, Brand: Sony, Model: BDV11
2020-08-29 11:35:50 [scrapy_user_agents.user_agent_picker] WARNING: [UnsupportedDeviceType] Family: Other, Brand: None, Model: None
2020-08-29 11:35:50 [scrapy_user_agents.user_agent_picker] WARNING: [UnsupportedDeviceType] Family: Other, Brand: None, Model: None
2020-08-29 11:35:50 [scrapy_user_agents.user_agent_picker] WARNING: [UnsupportedDeviceType] Family: Other, Brand: None, Model: None
2020-08-29 11:35:50 [scrapy_user_agents.user_agent_picker] WARNING: [UnsupportedDeviceType] Family: Other, Brand: None, Model: None
2020-08-29 11:35:50 [scrapy_user_agents.user_agent_picker] WARNING: [UnsupportedDeviceType] Family: Nintendo DSi, Brand: Nintendo, Model: DSi
2020-08-29 11:35:50 [scrapy_user_agents.user_agent_picker] WARNING: [UnsupportedDeviceType] Family: LYF LF-2403N, Brand: LYF, Model: LF-2403N
2020-08-29 11:35:50 [scrapy_user_agents.user_agent_picker] WARNING: [UnsupportedDeviceType] Family: LYF F90M, Brand: LYF, Model: F90M
2020-08-29 11:35:50 [scrapy_user_agents.user_agent_picker] WARNING: [UnsupportedDeviceType] Family: Other, Brand: None, Model: None
2020-08-29 11:35:50 [scrapy_user_agents.user_agent_picker] WARNING: [UnsupportedDeviceType] Family: Other, Brand: None, Model: None
2020-08-29 11:35:50 [scrapy_user_agents.user_agent_picker] WARNING: [UnsupportedBrowserType] Family: Applebot
2020-08-29 11:35:51 [scrapy_user_agents.user_agent_picker] WARNING: [UnsupportedDeviceType] Family: Other, Brand: None, Model: None
2020-08-29 11:35:51 [scrapy_user_agents.user_agent_picker] WARNING: [UnsupportedBrowserType] Family: Applebot
2020-08-29 11:35:51 [scrapy_user_agents.user_agent_picker] WARNING: [UnsupportedBrowserType] Family: Other
2020-08-29 11:35:51 [scrapy_user_agents.user_agent_picker] WARNING: [UnsupportedBrowserType] Family: Other
2020-08-29 11:35:51 [scrapy_user_agents.user_agent_picker] WARNING: [UnsupportedBrowserType] Family: PhantomJS
2020-08-29 11:35:51 [scrapy_user_agents.user_agent_picker] WARNING: [UnsupportedBrowserType] Family: SMTBot
2020-08-29 11:35:51 [scrapy_user_agents.user_agent_picker] WARNING: [UnsupportedBrowserType] Family: PhantomJS
2020-08-29 11:35:51 [scrapy_user_agents.user_agent_picker] WARNING: [UnsupportedBrowserType] Family: PhantomJS
2020-08-29 11:35:51 [scrapy_user_agents.user_agent_picker] WARNING: [UnsupportedBrowserType] Family: WebKit Nightly
2020-08-29 11:35:52 [scrapy_user_agents.user_agent_picker] WARNING: [UnsupportedBrowserType] Family: PhantomJS
2020-08-29 11:35:52 [scrapy_user_agents.user_agent_picker] WARNING: [UnsupportedDeviceType] Family: Other, Brand: None, Model: None
2020-08-29 11:35:52 [scrapy_user_agents.user_agent_picker] WARNING: [UnsupportedBrowserType] Family: PhantomJS
2020-08-29 11:35:52 [scrapy_user_agents.user_agent_picker] WARNING: [UnsupportedBrowserType] Family: PhantomJS
2020-08-29 11:35:52 [scrapy_user_agents.user_agent_picker] WARNING: [UnsupportedBrowserType] Family: Robot
2020-08-29 11:35:52 [scrapy_user_agents.user_agent_picker] WARNING: [UnsupportedDeviceType] Family: Other, Brand: None, Model: None
2020-08-29 11:35:52 [scrapy_user_agents.user_agent_picker] WARNING: [UnsupportedBrowserType] Family: Zune
2020-08-29 11:35:52 [scrapy.middleware] INFO: Enabled downloader middlewares:
['scrapy.downloadermiddlewares.httpauth.HttpAuthMiddleware',
 'scrapy.downloadermiddlewares.downloadtimeout.DownloadTimeoutMiddleware',
 'scrapy.downloadermiddlewares.defaultheaders.DefaultHeadersMiddleware',
 'scrapy_user_agents.middlewares.RandomUserAgentMiddleware',
 'scrapy.downloadermiddlewares.retry.RetryMiddleware',
 'scrapy.downloadermiddlewares.redirect.MetaRefreshMiddleware',
 'scrapy.downloadermiddlewares.httpcompression.HttpCompressionMiddleware',
 'scrapy.downloadermiddlewares.redirect.RedirectMiddleware',
 'scrapy.downloadermiddlewares.cookies.CookiesMiddleware',
 'scrapy.downloadermiddlewares.httpproxy.HttpProxyMiddleware',
 'scrapy.downloadermiddlewares.stats.DownloaderStats']
2020-08-29 11:35:52 [scrapy.middleware] INFO: Enabled spider middlewares:
['scrapy.spidermiddlewares.httperror.HttpErrorMiddleware',
 'scrapy.spidermiddlewares.offsite.OffsiteMiddleware',
 'scrapy.spidermiddlewares.referer.RefererMiddleware',
 'scrapy.spidermiddlewares.urllength.UrlLengthMiddleware',
 'scrapy.spidermiddlewares.depth.DepthMiddleware']
2020-08-29 11:35:52 [scrapy.middleware] INFO: Enabled item pipelines:
['hyperscraper.pipelines.HyperscraperPipeline']
2020-08-29 11:35:52 [scrapy.core.engine] INFO: Spider opened
2020-08-29 11:35:52 [scrapy.extensions.logstats] INFO: Crawled 0 pages (at 0 pages/min), scraped 0 items (at 0 items/min)
2020-08-29 11:35:52 [scrapy.extensions.telnet] INFO: Telnet console listening on 127.0.0.1:6023
2020-08-29 11:35:52 [scrapy_user_agents.middlewares] DEBUG: Assigned User-Agent Mozilla/5.0 (Windows NT 5.1; Win64; x64) AppleWebKit/537.36 (KHTML, like Gecko) Chrome/62.0.3202.89 Safari/537.36
2020-08-29 11:35:54 [scrapy.core.engine] DEBUG: Crawled (200) <GET https://yts.mx/browse-movies/boss%20baby/all/all/0/latest/0/all> (referer: None)
2020-08-29 11:35:54 [scrapy_user_agents.middlewares] DEBUG: Assigned User-Agent Mozilla/5.0 (Windows NT 6.1) AppleWebKit/537.36 (KHTML, like Gecko) Chrome/63.0.3239.132 Safari/537.36
2020-08-29 11:35:54 [scrapy_user_agents.middlewares] DEBUG: Assigned User-Agent Mozilla/5.0 (Windows NT 10.0; Win64; x64) AppleWebKit/537.36 (KHTML, like Gecko) Chrome/65.0.3325.162 Safari/537.36
2020-08-29 11:35:55 [scrapy.core.engine] DEBUG: Crawled (200) <GET https://yts.mx/movies/the-boss-baby-and-tims-treasure-hunt-through-time-2017> (referer: https://yts.mx/browse-movies/boss%20baby/all/all/0/latest/0/all)
2020-08-29 11:35:55 [scrapy.core.scraper] DEBUG: Scraped from <200 https://yts.mx/movies/the-boss-baby-and-tims-treasure-hunt-through-time-2017>
{'cover': 'https://img.yts.mx/assets/images/movies/the_boss_baby_and_tims_treasure_hunt_through_time_2017/medium-cover.jpg',
 'desc': ' Join the fun as Boss Baby and Tim battle pirates, travel through '
         'outer space, swim deep into the sea, and go toe-to-toe with some '
         'ferocious dinosaurs. ',
 'duration': ' 12 hr 0 min ',
 'imdb': 3.6,
 'links': '{\n'
          '    "720p.BluRay": [\n'
          '        '
          '"https://yts.mx/torrent/download/67295165684A63BCF75A7BD1016EEA056AB8BC16",\n'
          '        " 26.23 MB ",\n'
          '        '
          '"magnet:?xt=urn:btih:67295165684A63BCF75A7BD1016EEA056AB8BC16&dn=The+Boss+Baby+and+Tim%27s+Treasure+Hunt+Through+Time+%282017%29+%5B720p%5D+%5BYTS.MX%5D&tr=udp%3A%2F%2Fglotorrents.pw%3A6969%2Fannounce&tr=udp%3A%2F%2Ftracker.openbittorrent.com%3A80&tr=udp%3A%2F%2Ftracker.coppersurfer.tk%3A6969&tr=udp%3A%2F%2Fp4p.arenabg.ch%3A1337&tr=udp%3A%2F%2Ftracker.internetwarriors.net%3A1337"\n'
          '    ],\n'
          '    "1080p.BluRay": [\n'
          '        '
          '"https://yts.mx/torrent/download/66148C411A7485AEEA0239D88207F83FE93CA830",\n'
          '        " 55.68 MB ",\n'
          '        '
          '"magnet:?xt=urn:btih:66148C411A7485AEEA0239D88207F83FE93CA830&dn=The+Boss+Baby+and+Tim%27s+Treasure+Hunt+Through+Time+%282017%29+%5B1080p%5D+%5BYTS.MX%5D&tr=udp%3A%2F%2Fglotorrents.pw%3A6969%2Fannounce&tr=udp%3A%2F%2Ftracker.openbittorrent.com%3A80&tr=udp%3A%2F%2Ftracker.coppersurfer.tk%3A6969&tr=udp%3A%2F%2Fp4p.arenabg.ch%3A1337&tr=udp%3A%2F%2Ftracker.internetwarriors.net%3A1337"\n'
          '    ]\n'
          '}',
 'name': "The Boss Baby and Tim's Treasure Hunt Through Time",
 'rel_date': datetime.date(2017, 9, 25),
 'screenshot': '{\n'
               '    "src_1": '
               '"https://img.yts.mx/assets/images/movies/the_boss_baby_and_tims_treasure_hunt_through_time_2017/large-screenshot1.jpg",\n'
               '    "src_2": '
               '"https://img.yts.mx/assets/images/movies/the_boss_baby_and_tims_treasure_hunt_through_time_2017/large-screenshot2.jpg",\n'
               '    "src_3": '
               '"https://img.yts.mx/assets/images/movies/the_boss_baby_and_tims_treasure_hunt_through_time_2017/large-screenshot3.jpg"\n'
               '}'}
2020-08-29 11:35:56 [scrapy.core.engine] DEBUG: Crawled (200) <GET https://yts.mx/movies/the-boss-baby-2017> (referer: https://yts.mx/browse-movies/boss%20baby/all/all/0/latest/0/all)
2020-08-29 11:35:56 [scrapy.core.scraper] DEBUG: Scraped from <200 https://yts.mx/movies/the-boss-baby-2017>
{'cover': 'https://img.yts.mx/assets/images/movies/the_boss_baby_2017/medium-cover.jpg',
 'desc': ' Seven-year-old Tim Templeton has always had an overactive '
         'imagination--and for the past seven years--life has been all peaches '
         'for him, getting all the love and affection from his caring parents. '
         'However, after the arrival of Boss Baby, an unexpected new brother '
         'dressed in a black suit complete with a tie and a briefcase, Tim '
         "won't be the centre of attention anymore, as the powerful sibling "
         'takes over the whole house, robbing him of all care, little by '
         'little. But, soon, Tim and the new Boss in a diaper will need to put '
         'differences aside and join forces, as a sneaky scheme involving the '
         'head of Puppy Co. threatens to tilt the balance of power towards '
         'their insidiously adorable furry antagonists, not to mention that '
         'the next Pet Convention is only in two days. Brothers, hurry up. ',
 'duration': ' 1 hr 37 min ',
 'imdb': 6.3,
 'links': '{\n'
          '    "3D.BluRay": [\n'
          '        '
          '"https://yts.mx/torrent/download/8713B77A8B38648C258EE51EDE80DD20656BF0E6",\n'
          '        " 1.49 GB ",\n'
          '        '
          '"magnet:?xt=urn:btih:8713B77A8B38648C258EE51EDE80DD20656BF0E6&dn=The+Boss+Baby+%282017%29+%5B3D%5D+%5BYTS.MX%5D&tr=udp%3A%2F%2Fglotorrents.pw%3A6969%2Fannounce&tr=udp%3A%2F%2Ftracker.openbittorrent.com%3A80&tr=udp%3A%2F%2Ftracker.coppersurfer.tk%3A6969&tr=udp%3A%2F%2Fp4p.arenabg.ch%3A1337&tr=udp%3A%2F%2Ftracker.internetwarriors.net%3A1337"\n'
          '    ],\n'
          '    "720p.BluRay": [\n'
          '        '
          '"https://yts.mx/torrent/download/0BA66BFA81F29F96D58D4C896FC30DFF9F24F784",\n'
          '        " 710.85 MB ",\n'
          '        '
          '"magnet:?xt=urn:btih:0BA66BFA81F29F96D58D4C896FC30DFF9F24F784&dn=The+Boss+Baby+%282017%29+%5B720p%5D+%5BYTS.MX%5D&tr=udp%3A%2F%2Fglotorrents.pw%3A6969%2Fannounce&tr=udp%3A%2F%2Ftracker.openbittorrent.com%3A80&tr=udp%3A%2F%2Ftracker.coppersurfer.tk%3A6969&tr=udp%3A%2F%2Fp4p.arenabg.ch%3A1337&tr=udp%3A%2F%2Ftracker.internetwarriors.net%3A1337"\n'
          '    ],\n'
          '    "1080p.BluRay": [\n'
          '        '
          '"https://yts.mx/torrent/download/3997AC6DB4C767B9CC3DE84D25E3E912CF24612E",\n'
          '        " 1.48 GB ",\n'
          '        '
          '"magnet:?xt=urn:btih:3997AC6DB4C767B9CC3DE84D25E3E912CF24612E&dn=The+Boss+Baby+%282017%29+%5B1080p%5D+%5BYTS.MX%5D&tr=udp%3A%2F%2Fglotorrents.pw%3A6969%2Fannounce&tr=udp%3A%2F%2Ftracker.openbittorrent.com%3A80&tr=udp%3A%2F%2Ftracker.coppersurfer.tk%3A6969&tr=udp%3A%2F%2Fp4p.arenabg.ch%3A1337&tr=udp%3A%2F%2Ftracker.internetwarriors.net%3A1337"\n'
          '    ]\n'
          '}',
 'name': 'The Boss Baby',
 'rel_date': datetime.date(2017, 7, 14),
 'screenshot': '{\n'
               '    "src_1": '
               '"https://img.yts.mx/assets/images/movies/the_boss_baby_2017/large-screenshot1.jpg",\n'
               '    "src_2": '
               '"https://img.yts.mx/assets/images/movies/the_boss_baby_2017/large-screenshot2.jpg",\n'
               '    "src_3": '
               '"https://img.yts.mx/assets/images/movies/the_boss_baby_2017/large-screenshot3.jpg"\n'
               '}'}
2020-08-29 11:35:56 [scrapy.core.engine] INFO: Closing spider (finished)
2020-08-29 11:35:56 [scrapy.statscollectors] INFO: Dumping Scrapy stats:
{'downloader/request_bytes': 1328,
 'downloader/request_count': 3,
 'downloader/request_method_count/GET': 3,
 'downloader/response_bytes': 27545,
 'downloader/response_count': 3,
 'downloader/response_status_count/200': 3,
 'elapsed_time_seconds': 3.746906,
 'finish_reason': 'finished',
 'finish_time': datetime.datetime(2020, 8, 29, 6, 5, 56, 443610),
 'item_scraped_count': 2,
 'log_count/DEBUG': 8,
 'log_count/INFO': 10,
 'log_count/WARNING': 45,
 'request_depth_max': 1,
 'response_received_count': 3,
 'scheduler/dequeued': 3,
 'scheduler/dequeued/memory': 3,
 'scheduler/enqueued': 3,
 'scheduler/enqueued/memory': 3,
 'start_time': datetime.datetime(2020, 8, 29, 6, 5, 52, 696704)}
2020-08-29 11:35:56 [scrapy.core.engine] INFO: Spider closed (finished)
